Building DAG of jobs...
Provided cores: 8
Rules claiming more threads will be scaled down.
Job stats:
job            count    min threads    max threads
-----------  -------  -------------  -------------
Compare_snf       50              8              8
all                1              1              1
snf               50              8              8
total            101              1              8

Select jobs to execute...

[Fri Apr 29 15:36:09 2022]
rule snf:
    input: C:/Users/tpavo/Desktop/Tirocinio/tcga_aml/OS/2/gene_tr_1_4.txt, C:/Users/tpavo/Desktop/Tirocinio/tcga_aml/OS/2/meth_tr_1_4.txt, C:/Users/tpavo/Desktop/Tirocinio/tcga_aml/OS/2/mirna_tr_1_4.txt, C:/Users/tpavo/Desktop/Tirocinio/tcga_aml/OS/2/labels_OS_tr_1_4.txt
    output: C:/Users/tpavo/Desktop/Prova/results/tcga_aml/OS/randomForest/2/rSNF/INF_gene_meth_mirna_tr_1_4.txt
    jobid: 20
    reason: Missing output files: C:/Users/tpavo/Desktop/Prova/results/tcga_aml/OS/randomForest/2/rSNF/INF_gene_meth_mirna_tr_1_4.txt
    wildcards: cv_n=1, cv_k=4
    threads: 8
    resources: tmpdir=C:\Users\tpavo\AppData\Local\Temp

Terminating processes on user request, this might take some time.
Complete log: .snakemake\log\2022-04-29T153607.829795.snakemake.log
