Building DAG of jobs...
Provided cores: 8
Rules claiming more threads will be scaled down.
Job stats:
job            count    min threads    max threads
-----------  -------  -------------  -------------
Compare_snf       38              8              8
all                1              1              1
total             39              1              8

Select jobs to execute...

[Fri Apr 29 16:43:14 2022]
rule Compare_snf:
    input: C:/Users/tpavo/Desktop/Tirocinio/tcga_aml/OS/0/labels_OS_tr_1_1.txt, C:/Users/tpavo/Desktop/Prova/results/tcga_aml/OS/randomForest/0/rSNF/INF_gene_meth_mirna_tr_1_1.txt
    output: C:/Users/tpavo/Desktop/Prova/results/tcga_aml/OS/randomForest/0/rSNF/Diff1_1.txt
    jobid: 13
    reason: Missing output files: C:/Users/tpavo/Desktop/Prova/results/tcga_aml/OS/randomForest/0/rSNF/Diff1_1.txt
    wildcards: cv_n=1, cv_k=1
    threads: 8
    resources: tmpdir=C:\Users\tpavo\AppData\Local\Temp

python Compare_SNF.py --DATAFILE C:\Users\tpavo\Desktop\Tirocinio --OUTDIR C:\Users\tpavo\Desktop\Prova\results --DATASET tcga_aml --TARGET OS --SPLIT_ID 0 --LAYERS gene_meth_mirna --MODEL randomForest --OUTFILE C:/Users/tpavo/Desktop/Prova/results/tcga_aml/OS/randomForest/0/rSNF/Diff1_1.txt --LAB C:/Users/tpavo/Desktop/Tirocinio/tcga_aml/OS/0/labels_OS_tr_1_1.txt --CLUST spectral --CLUSTINFO False --THREADS 8
[Fri Apr 29 16:43:16 2022]
Finished job 13.
1 of 39 steps (3%) done
Select jobs to execute...

[Fri Apr 29 16:43:16 2022]
rule Compare_snf:
    input: C:/Users/tpavo/Desktop/Tirocinio/tcga_aml/OS/0/labels_OS_tr_8_3.txt, C:/Users/tpavo/Desktop/Prova/results/tcga_aml/OS/randomForest/0/rSNF/INF_gene_meth_mirna_tr_8_3.txt
    output: C:/Users/tpavo/Desktop/Prova/results/tcga_aml/OS/randomForest/0/rSNF/Diff8_3.txt
    jobid: 87
    reason: Missing output files: C:/Users/tpavo/Desktop/Prova/results/tcga_aml/OS/randomForest/0/rSNF/Diff8_3.txt
    wildcards: cv_n=8, cv_k=3
    threads: 8
    resources: tmpdir=C:\Users\tpavo\AppData\Local\Temp

python Compare_SNF.py --DATAFILE C:\Users\tpavo\Desktop\Tirocinio --OUTDIR C:\Users\tpavo\Desktop\Prova\results --DATASET tcga_aml --TARGET OS --SPLIT_ID 0 --LAYERS gene_meth_mirna --MODEL randomForest --OUTFILE C:/Users/tpavo/Desktop/Prova/results/tcga_aml/OS/randomForest/0/rSNF/Diff8_3.txt --LAB C:/Users/tpavo/Desktop/Tirocinio/tcga_aml/OS/0/labels_OS_tr_8_3.txt --CLUST spectral --CLUSTINFO False --THREADS 8
[Fri Apr 29 16:43:18 2022]
Finished job 87.
2 of 39 steps (5%) done
Select jobs to execute...

[Fri Apr 29 16:43:18 2022]
rule Compare_snf:
    input: C:/Users/tpavo/Desktop/Tirocinio/tcga_aml/OS/0/labels_OS_tr_1_3.txt, C:/Users/tpavo/Desktop/Prova/results/tcga_aml/OS/randomForest/0/rSNF/INF_gene_meth_mirna_tr_1_3.txt
    output: C:/Users/tpavo/Desktop/Prova/results/tcga_aml/OS/randomForest/0/rSNF/Diff1_3.txt
    jobid: 17
    reason: Missing output files: C:/Users/tpavo/Desktop/Prova/results/tcga_aml/OS/randomForest/0/rSNF/Diff1_3.txt
    wildcards: cv_n=1, cv_k=3
    threads: 8
    resources: tmpdir=C:\Users\tpavo\AppData\Local\Temp

python Compare_SNF.py --DATAFILE C:\Users\tpavo\Desktop\Tirocinio --OUTDIR C:\Users\tpavo\Desktop\Prova\results --DATASET tcga_aml --TARGET OS --SPLIT_ID 0 --LAYERS gene_meth_mirna --MODEL randomForest --OUTFILE C:/Users/tpavo/Desktop/Prova/results/tcga_aml/OS/randomForest/0/rSNF/Diff1_3.txt --LAB C:/Users/tpavo/Desktop/Tirocinio/tcga_aml/OS/0/labels_OS_tr_1_3.txt --CLUST spectral --CLUSTINFO False --THREADS 8
[Fri Apr 29 16:43:19 2022]
Finished job 17.
3 of 39 steps (8%) done
Select jobs to execute...

[Fri Apr 29 16:43:19 2022]
rule Compare_snf:
    input: C:/Users/tpavo/Desktop/Tirocinio/tcga_aml/OS/0/labels_OS_tr_4_3.txt, C:/Users/tpavo/Desktop/Prova/results/tcga_aml/OS/randomForest/0/rSNF/INF_gene_meth_mirna_tr_4_3.txt
    output: C:/Users/tpavo/Desktop/Prova/results/tcga_aml/OS/randomForest/0/rSNF/Diff4_3.txt
    jobid: 47
    reason: Missing output files: C:/Users/tpavo/Desktop/Prova/results/tcga_aml/OS/randomForest/0/rSNF/Diff4_3.txt
    wildcards: cv_n=4, cv_k=3
    threads: 8
    resources: tmpdir=C:\Users\tpavo\AppData\Local\Temp

python Compare_SNF.py --DATAFILE C:\Users\tpavo\Desktop\Tirocinio --OUTDIR C:\Users\tpavo\Desktop\Prova\results --DATASET tcga_aml --TARGET OS --SPLIT_ID 0 --LAYERS gene_meth_mirna --MODEL randomForest --OUTFILE C:/Users/tpavo/Desktop/Prova/results/tcga_aml/OS/randomForest/0/rSNF/Diff4_3.txt --LAB C:/Users/tpavo/Desktop/Tirocinio/tcga_aml/OS/0/labels_OS_tr_4_3.txt --CLUST spectral --CLUSTINFO False --THREADS 8
[Fri Apr 29 16:43:20 2022]
Error in rule Compare_snf:
    jobid: 47
    output: C:/Users/tpavo/Desktop/Prova/results/tcga_aml/OS/randomForest/0/rSNF/Diff4_3.txt
    shell:
        python Compare_SNF.py --DATAFILE C:\Users\tpavo\Desktop\Tirocinio --OUTDIR C:\Users\tpavo\Desktop\Prova\results --DATASET tcga_aml --TARGET OS --SPLIT_ID 0 --LAYERS gene_meth_mirna --MODEL randomForest --OUTFILE C:/Users/tpavo/Desktop/Prova/results/tcga_aml/OS/randomForest/0/rSNF/Diff4_3.txt --LAB C:/Users/tpavo/Desktop/Tirocinio/tcga_aml/OS/0/labels_OS_tr_4_3.txt --CLUST spectral --CLUSTINFO False --THREADS 8
        (one of the commands exited with non-zero exit code; note that snakemake uses bash strict mode!)

Terminating processes on user request, this might take some time.
Complete log: .snakemake\log\2022-04-29T164313.503561.snakemake.log
