Building DAG of jobs...
Provided cores: 8
Rules claiming more threads will be scaled down.
Job stats:
job            count    min threads    max threads
-----------  -------  -------------  -------------
Compare_snf        1              8              8
all                1              1              1
snf                1              8              8
total              3              1              8

Select jobs to execute...

[Thu May  5 12:02:28 2022]
rule snf:
    input: C:/Users/tpavo/Desktop/Tirocinio/tcga_aml/OS/0/gene_tr_0_0.txt, C:/Users/tpavo/Desktop/Tirocinio/tcga_aml/OS/0/meth_tr_0_0.txt, C:/Users/tpavo/Desktop/Tirocinio/tcga_aml/OS/0/mirna_tr_0_0.txt, C:/Users/tpavo/Desktop/Tirocinio/tcga_aml/OS/0/labels_OS_tr_0_0.txt
    output: C:/Users/tpavo/Desktop/Prova/results/tcga_aml/OS/randomForest/0/rSNF/INF_gene_meth_mirna_tr_0_0.txt
    jobid: 2
    reason: Missing output files: C:/Users/tpavo/Desktop/Prova/results/tcga_aml/OS/randomForest/0/rSNF/INF_gene_meth_mirna_tr_0_0.txt
    threads: 8
    resources: tmpdir=C:\Users\tpavo\AppData\Local\Temp

Terminating processes on user request, this might take some time.
Complete log: .snakemake\log\2022-05-05T120228.229058.snakemake.log
