Building DAG of jobs...
Provided cores: 8
Rules claiming more threads will be scaled down.
Job stats:
job            count    min threads    max threads
-----------  -------  -------------  -------------
Compare_snf       30              8              8
all                1              1              1
total             31              1              8

Select jobs to execute...

[Fri Apr 29 17:35:28 2022]
rule Compare_snf:
    input: C:/Users/tpavo/Desktop/Tirocinio/tcga_aml/OS/0/labels_OS_tr_3_2.txt, C:/Users/tpavo/Desktop/Prova/results/tcga_aml/OS/randomForest/0/rSNF/INF_gene_meth_mirna_tr_3_2.txt
    output: C:/Users/tpavo/Desktop/Prova/results/tcga_aml/OS/randomForest/0/rSNF/Diff3_2.txt
    jobid: 35
    reason: Missing output files: C:/Users/tpavo/Desktop/Prova/results/tcga_aml/OS/randomForest/0/rSNF/Diff3_2.txt
    wildcards: cv_n=3, cv_k=2
    threads: 8
    resources: tmpdir=C:\Users\tpavo\AppData\Local\Temp

python Compare_SNF.py --DATAFILE C:\Users\tpavo\Desktop\Tirocinio --OUTDIR C:\Users\tpavo\Desktop\Prova\results --DATASET tcga_aml --TARGET OS --SPLIT_ID 0 --LAYERS gene_meth_mirna --MODEL randomForest --OUTFILE C:/Users/tpavo/Desktop/Prova/results/tcga_aml/OS/randomForest/0/rSNF/Diff3_2.txt --LAB C:/Users/tpavo/Desktop/Tirocinio/tcga_aml/OS/0/labels_OS_tr_3_2.txt --CLUST spectral --CLUSTINFO False --THREADS 8
[Fri Apr 29 17:35:29 2022]
Finished job 35.
1 of 31 steps (3%) done
Select jobs to execute...

[Fri Apr 29 17:35:29 2022]
rule Compare_snf:
    input: C:/Users/tpavo/Desktop/Tirocinio/tcga_aml/OS/0/labels_OS_tr_6_1.txt, C:/Users/tpavo/Desktop/Prova/results/tcga_aml/OS/randomForest/0/rSNF/INF_gene_meth_mirna_tr_6_1.txt
    output: C:/Users/tpavo/Desktop/Prova/results/tcga_aml/OS/randomForest/0/rSNF/Diff6_1.txt
    jobid: 63
    reason: Missing output files: C:/Users/tpavo/Desktop/Prova/results/tcga_aml/OS/randomForest/0/rSNF/Diff6_1.txt
    wildcards: cv_n=6, cv_k=1
    threads: 8
    resources: tmpdir=C:\Users\tpavo\AppData\Local\Temp

python Compare_SNF.py --DATAFILE C:\Users\tpavo\Desktop\Tirocinio --OUTDIR C:\Users\tpavo\Desktop\Prova\results --DATASET tcga_aml --TARGET OS --SPLIT_ID 0 --LAYERS gene_meth_mirna --MODEL randomForest --OUTFILE C:/Users/tpavo/Desktop/Prova/results/tcga_aml/OS/randomForest/0/rSNF/Diff6_1.txt --LAB C:/Users/tpavo/Desktop/Tirocinio/tcga_aml/OS/0/labels_OS_tr_6_1.txt --CLUST spectral --CLUSTINFO False --THREADS 8
[Fri Apr 29 17:35:29 2022]
Error in rule Compare_snf:
    jobid: 63
    output: C:/Users/tpavo/Desktop/Prova/results/tcga_aml/OS/randomForest/0/rSNF/Diff6_1.txt
    shell:
        python Compare_SNF.py --DATAFILE C:\Users\tpavo\Desktop\Tirocinio --OUTDIR C:\Users\tpavo\Desktop\Prova\results --DATASET tcga_aml --TARGET OS --SPLIT_ID 0 --LAYERS gene_meth_mirna --MODEL randomForest --OUTFILE C:/Users/tpavo/Desktop/Prova/results/tcga_aml/OS/randomForest/0/rSNF/Diff6_1.txt --LAB C:/Users/tpavo/Desktop/Tirocinio/tcga_aml/OS/0/labels_OS_tr_6_1.txt --CLUST spectral --CLUSTINFO False --THREADS 8
        (one of the commands exited with non-zero exit code; note that snakemake uses bash strict mode!)

Terminating processes on user request, this might take some time.
Complete log: .snakemake\log\2022-04-29T173527.091202.snakemake.log
