Building DAG of jobs...
Provided cores: 8
Rules claiming more threads will be scaled down.
Job stats:
job            count    min threads    max threads
-----------  -------  -------------  -------------
Compare_snf       50              8              8
all                1              1              1
snf               49              8              8
total            100              1              8

Select jobs to execute...

[Mon May  2 23:48:17 2022]
rule snf:
    input: C:/Users/tpavo/Desktop/Tirocinio/tcga_aml/OS/0/gene_tr_3_4.txt, C:/Users/tpavo/Desktop/Tirocinio/tcga_aml/OS/0/meth_tr_3_4.txt, C:/Users/tpavo/Desktop/Tirocinio/tcga_aml/OS/0/mirna_tr_3_4.txt, C:/Users/tpavo/Desktop/Tirocinio/tcga_aml/OS/0/labels_OS_tr_3_4.txt
    output: C:/Users/tpavo/Desktop/Prova/results/tcga_aml/OS/randomForest/0/rSNF/INF_gene_meth_mirna_tr_3_4.txt
    jobid: 40
    reason: Missing output files: C:/Users/tpavo/Desktop/Prova/results/tcga_aml/OS/randomForest/0/rSNF/INF_gene_meth_mirna_tr_3_4.txt
    wildcards: cv_n=3, cv_k=4
    threads: 8
    resources: tmpdir=C:\Users\tpavo\AppData\Local\Temp

Waiting at most 5 seconds for missing files.
MissingOutputException in line 41 of C:\Users\tpavo\Documents\GitHub\Test_snf\Test_SNF_snake:
Job Missing files after 5 seconds:
C:/Users/tpavo/Desktop/Prova/results/tcga_aml/OS/randomForest/0/rSNF/INF_gene_meth_mirna_tr_3_4.txt
This might be due to filesystem latency. If that is the case, consider to increase the wait time with --latency-wait.
Job id: 40 completed successfully, but some output files are missing. 40
Shutting down, this might take some time.
Exiting because a job execution failed. Look above for error message
Complete log: .snakemake\log\2022-05-02T234815.669569.snakemake.log
