Building DAG of jobs...
Provided cores: 8
Rules claiming more threads will be scaled down.
Job stats:
job            count    min threads    max threads
-----------  -------  -------------  -------------
Compare_snf        1              8              8
all                1              1              1
snf                1              8              8
total              3              1              8

Select jobs to execute...

[Thu May  5 19:14:18 2022]
rule snf:
    input: C:/Users/tpavo/Desktop/Tirocinio/tcga_aml/OS/0/gene_tr_1_1.txt, C:/Users/tpavo/Desktop/Tirocinio/tcga_aml/OS/0/meth_tr_1_1.txt, C:/Users/tpavo/Desktop/Tirocinio/tcga_aml/OS/0/mirna_tr_1_1.txt, C:/Users/tpavo/Desktop/Tirocinio/tcga_aml/OS/0/labels_OS_tr_1_1.txt
    output: C:/Users/tpavo/Desktop/Prova/results/tcga_aml/OS/randomForest/0/rSNF/INF_gene_meth_mirna_tr_1_1.txt
    jobid: 2
    reason: Missing output files: C:/Users/tpavo/Desktop/Prova/results/tcga_aml/OS/randomForest/0/rSNF/INF_gene_meth_mirna_tr_1_1.txt
    threads: 8
    resources: tmpdir=C:\Users\tpavo\AppData\Local\Temp

[Thu May  5 19:14:21 2022]
Finished job 2.
1 of 3 steps (33%) done
Select jobs to execute...

[Thu May  5 19:14:21 2022]
rule Compare_snf:
    input: C:/Users/tpavo/Desktop/Tirocinio/tcga_aml/OS/0/labels_OS_tr_1_1.txt, C:/Users/tpavo/Desktop/Prova/results/tcga_aml/OS/randomForest/0/rSNF/INF_gene_meth_mirna_tr_1_1.txt
    output: C:/Users/tpavo/Desktop/Prova/results/tcga_aml/OS/randomForest/0/rSNF/Diff1_1.txt
    jobid: 1
    reason: Missing output files: C:/Users/tpavo/Desktop/Prova/results/tcga_aml/OS/randomForest/0/rSNF/Diff1_1.txt; Input files updated by another job: C:/Users/tpavo/Desktop/Prova/results/tcga_aml/OS/randomForest/0/rSNF/INF_gene_meth_mirna_tr_1_1.txt
    threads: 8
    resources: tmpdir=C:\Users\tpavo\AppData\Local\Temp

python Compare_SNF.py --DATAFILE C:\Users\tpavo\Desktop\Tirocinio --OUTDIR C:\Users\tpavo\Desktop\Prova\results --DATASET tcga_aml --TARGET OS --SPLIT_ID 0 --LAYERS gene_meth_mirna --MODEL randomForest --OUTFILE C:/Users/tpavo/Desktop/Prova/results/tcga_aml/OS/randomForest/0/rSNF/Diff1_1.txt --LAB C:/Users/tpavo/Desktop/Tirocinio/tcga_aml/OS/0/labels_OS_tr_1_1.txt --CLUST spectral --THREADS 8
[Thu May  5 19:14:24 2022]
Finished job 1.
2 of 3 steps (67%) done
Select jobs to execute...

[Thu May  5 19:14:24 2022]
localrule all:
    input: C:/Users/tpavo/Desktop/Prova/results/tcga_aml/OS/randomForest/0/rSNF/Diff1_1.txt
    jobid: 0
    reason: Input files updated by another job: C:/Users/tpavo/Desktop/Prova/results/tcga_aml/OS/randomForest/0/rSNF/Diff1_1.txt
    resources: tmpdir=C:\Users\tpavo\AppData\Local\Temp

[Thu May  5 19:14:24 2022]
Finished job 0.
3 of 3 steps (100%) done
Complete log: .snakemake\log\2022-05-05T191417.479783.snakemake.log
