Building DAG of jobs...
Provided cores: 8
Rules claiming more threads will be scaled down.
Job stats:
job            count    min threads    max threads
-----------  -------  -------------  -------------
Compare_snf        1              8              8
all                1              1              1
snf                1              8              8
total              3              1              8

Select jobs to execute...

[Thu May 12 15:42:24 2022]
rule snf:
    input: C:/Users/tpavo/Desktop/Tirocinio/tcga_aml/OS/0/gene_tr_1_1.txt, C:/Users/tpavo/Desktop/Tirocinio/tcga_aml/OS/0/meth_tr_1_1.txt, C:/Users/tpavo/Desktop/Tirocinio/tcga_aml/OS/0/mirna_tr_1_1.txt, C:/Users/tpavo/Desktop/Tirocinio/tcga_aml/OS/0/labels_OS_tr_1_1.txt
    output: C:/Users/tpavo/Desktop/Prova/results/tcga_aml/OS/randomForest/0/rSNF/INF_gene_meth_mirna_tr_1_1.txt
    jobid: 2
    reason: Missing output files: C:/Users/tpavo/Desktop/Prova/results/tcga_aml/OS/randomForest/0/rSNF/INF_gene_meth_mirna_tr_1_1.txt
    threads: 8
    resources: tmpdir=C:\Users\tpavo\AppData\Local\Temp

[Thu May 12 15:44:18 2022]
Finished job 2.
1 of 3 steps (33%) done
Select jobs to execute...

[Thu May 12 15:44:18 2022]
rule Compare_snf:
    input: C:/Users/tpavo/Desktop/Tirocinio/tcga_aml/OS/0/labels_OS_tr_1_1.txt, C:/Users/tpavo/Desktop/Prova/results/tcga_aml/OS/randomForest/0/rSNF/INF_gene_meth_mirna_tr_1_1.txt
    output: C:/Users/tpavo/Desktop/Prova/results/tcga_aml/OS/randomForest/0/rSNF/Diff1_1.txt
    jobid: 1
    reason: Missing output files: C:/Users/tpavo/Desktop/Prova/results/tcga_aml/OS/randomForest/0/rSNF/Diff1_1.txt; Input files updated by another job: C:/Users/tpavo/Desktop/Prova/results/tcga_aml/OS/randomForest/0/rSNF/INF_gene_meth_mirna_tr_1_1.txt
    threads: 8
    resources: tmpdir=C:\Users\tpavo\AppData\Local\Temp

python Compare_SNF.py --DATAFILE C:\Users\tpavo\Desktop\Tirocinio --OUTDIR C:\Users\tpavo\Desktop\Prova\results --DATASET tcga_aml --TARGET OS --SPLIT_ID 0 --LAYERS gene_meth_mirna --MODEL randomForest --OUTFILE C:/Users/tpavo/Desktop/Prova/results/tcga_aml/OS/randomForest/0/rSNF/Diff1_1.txt --LAB C:/Users/tpavo/Desktop/Tirocinio/tcga_aml/OS/0/labels_OS_tr_1_1.txt --CLUST spectral --THREADS 8
[Thu May 12 15:44:23 2022]
Error in rule Compare_snf:
    jobid: 1
    output: C:/Users/tpavo/Desktop/Prova/results/tcga_aml/OS/randomForest/0/rSNF/Diff1_1.txt
    shell:
        python Compare_SNF.py --DATAFILE C:\Users\tpavo\Desktop\Tirocinio --OUTDIR C:\Users\tpavo\Desktop\Prova\results --DATASET tcga_aml --TARGET OS --SPLIT_ID 0 --LAYERS gene_meth_mirna --MODEL randomForest --OUTFILE C:/Users/tpavo/Desktop/Prova/results/tcga_aml/OS/randomForest/0/rSNF/Diff1_1.txt --LAB C:/Users/tpavo/Desktop/Tirocinio/tcga_aml/OS/0/labels_OS_tr_1_1.txt --CLUST spectral --THREADS 8
        (one of the commands exited with non-zero exit code; note that snakemake uses bash strict mode!)

Shutting down, this might take some time.
Exiting because a job execution failed. Look above for error message
Complete log: .snakemake\log\2022-05-12T154223.248776.snakemake.log
