Building DAG of jobs...
Provided cores: 8
Rules claiming more threads will be scaled down.
Job stats:
job            count    min threads    max threads
-----------  -------  -------------  -------------
Compare_snf       50              8              8
all                1              1              1
snf               50              8              8
total            101              1              8

Select jobs to execute...

[Mon May  2 21:47:44 2022]
rule snf:
    input: C:/Users/tpavo/Desktop/Tirocinio/tcga_aml/OS/0/gene_tr_1_4.txt, C:/Users/tpavo/Desktop/Tirocinio/tcga_aml/OS/0/meth_tr_1_4.txt, C:/Users/tpavo/Desktop/Tirocinio/tcga_aml/OS/0/mirna_tr_1_4.txt, C:/Users/tpavo/Desktop/Tirocinio/tcga_aml/OS/0/labels_OS_tr_1_4.txt
    output: C:/Users/tpavo/Desktop/Prova/results/tcga_aml/OS/randomForest/0/rSNF/INF_gene_meth_mirna_tr_1_4.txt
    jobid: 20
    reason: Missing output files: C:/Users/tpavo/Desktop/Prova/results/tcga_aml/OS/randomForest/0/rSNF/INF_gene_meth_mirna_tr_1_4.txt
    wildcards: cv_n=1, cv_k=4
    threads: 8
    resources: tmpdir=C:\Users\tpavo\AppData\Local\Temp

Waiting at most 5 seconds for missing files.
MissingOutputException in line 41 of C:\Users\tpavo\Documents\GitHub\Test_snf\Test_SNF_snake:
Job Missing files after 5 seconds:
C:/Users/tpavo/Desktop/Prova/results/tcga_aml/OS/randomForest/0/rSNF/INF_gene_meth_mirna_tr_1_4.txt
This might be due to filesystem latency. If that is the case, consider to increase the wait time with --latency-wait.
Job id: 20 completed successfully, but some output files are missing. 20
Shutting down, this might take some time.
Exiting because a job execution failed. Look above for error message
Complete log: .snakemake\log\2022-05-02T214742.676044.snakemake.log
