Building DAG of jobs...
Provided cores: 8
Rules claiming more threads will be scaled down.
Job stats:
job            count    min threads    max threads
-----------  -------  -------------  -------------
Compare_snf        1              8              8
all                1              1              1
total              2              1              8

Select jobs to execute...

[Thu May  5 12:22:31 2022]
rule Compare_snf:
    input: C:/Users/tpavo/Desktop/Tirocinio/tcga_aml/OS/0/labels_OS_tr_0_0.txt, C:/Users/tpavo/Desktop/Prova/results/tcga_aml/OS/randomForest/0/rSNF/INF_gene_meth_mirna_tr_0_0.txt
    output: C:/Users/tpavo/Desktop/Prova/results/tcga_aml/OS/randomForest/0/rSNF/Diff0_0.txt
    jobid: 1
    reason: Missing output files: C:/Users/tpavo/Desktop/Prova/results/tcga_aml/OS/randomForest/0/rSNF/Diff0_0.txt
    threads: 8
    resources: tmpdir=C:\Users\tpavo\AppData\Local\Temp

python Compare_SNF.py --DATAFILE C:\Users\tpavo\Desktop\Tirocinio --OUTDIR C:\Users\tpavo\Desktop\Prova\results --DATASET tcga_aml --TARGET OS --SPLIT_ID 0 --LAYERS gene_meth_mirna --MODEL randomForest --OUTFILE C:/Users/tpavo/Desktop/Prova/results/tcga_aml/OS/randomForest/0/rSNF/Diff0_0.txt --LAB C:/Users/tpavo/Desktop/Tirocinio/tcga_aml/OS/0/labels_OS_tr_0_0.txt --CLUST spectral --THREADS 8
[Thu May  5 12:22:44 2022]
Error in rule Compare_snf:
    jobid: 1
    output: C:/Users/tpavo/Desktop/Prova/results/tcga_aml/OS/randomForest/0/rSNF/Diff0_0.txt
    shell:
        python Compare_SNF.py --DATAFILE C:\Users\tpavo\Desktop\Tirocinio --OUTDIR C:\Users\tpavo\Desktop\Prova\results --DATASET tcga_aml --TARGET OS --SPLIT_ID 0 --LAYERS gene_meth_mirna --MODEL randomForest --OUTFILE C:/Users/tpavo/Desktop/Prova/results/tcga_aml/OS/randomForest/0/rSNF/Diff0_0.txt --LAB C:/Users/tpavo/Desktop/Tirocinio/tcga_aml/OS/0/labels_OS_tr_0_0.txt --CLUST spectral --THREADS 8
        (one of the commands exited with non-zero exit code; note that snakemake uses bash strict mode!)

Terminating processes on user request, this might take some time.
Complete log: .snakemake\log\2022-05-05T122230.670818.snakemake.log
